INFO 2023-04-11 16:33:15 Collecting metadata with 1 processes.
INFO 2023-04-11 16:33:15 Processed file SCAN\LyeBrook\SCAN_SCAN_LyeBrook_sm_0.050800_0.050800_Hydraprobe-Analog-(2.5-Volt)-A_19540106_20210628.stm
INFO 2023-04-11 16:33:15 Processed file SCAN\LyeBrook\SCAN_SCAN_LyeBrook_sm_0.050800_0.050800_Hydraprobe-Analog-(2.5-Volt)-B_19540106_20210628.stm
INFO 2023-04-11 16:33:15 Processed file SCAN\LyeBrook\SCAN_SCAN_LyeBrook_sm_0.050800_0.050800_Hydraprobe-Analog-(2.5-Volt)_19540106_20210628.stm
INFO 2023-04-11 16:33:15 Processed file SCAN\LyeBrook\SCAN_SCAN_LyeBrook_sm_0.050800_0.050800_Hydraprobe-Digital-Sdi-12-(2.5-Volt)-A_19540106_20210628.stm
INFO 2023-04-11 16:33:15 Processed file SCAN\LyeBrook\SCAN_SCAN_LyeBrook_sm_0.050800_0.050800_Hydraprobe-Digital-Sdi-12-(2.5-Volt)-B_19540106_20210628.stm
INFO 2023-04-11 16:33:15 Processed file SCAN\LyeBrook\SCAN_SCAN_LyeBrook_sm_0.101600_0.101600_Hydraprobe-Analog-(2.5-Volt)-A_19540106_20210628.stm
INFO 2023-04-11 16:33:15 Processed file SCAN\LyeBrook\SCAN_SCAN_LyeBrook_sm_0.101600_0.101600_Hydraprobe-Analog-(2.5-Volt)-B_19540106_20210628.stm
INFO 2023-04-11 16:33:15 Processed file SCAN\LyeBrook\SCAN_SCAN_LyeBrook_sm_0.101600_0.101600_Hydraprobe-Analog-(2.5-Volt)_19540106_20210628.stm
INFO 2023-04-11 16:33:15 Processed file SCAN\LyeBrook\SCAN_SCAN_LyeBrook_sm_0.101600_0.101600_Hydraprobe-Digital-Sdi-12-(2.5-Volt)-A_19540106_20210628.stm
INFO 2023-04-11 16:33:15 Processed file SCAN\LyeBrook\SCAN_SCAN_LyeBrook_sm_0.101600_0.101600_Hydraprobe-Digital-Sdi-12-(2.5-Volt)-B_19540106_20210628.stm
INFO 2023-04-11 16:33:15 Processed file SCAN\LyeBrook\SCAN_SCAN_LyeBrook_sm_0.203200_0.203200_Hydraprobe-Analog-(2.5-Volt)-A_19540106_20210628.stm
INFO 2023-04-11 16:33:15 Processed file SCAN\LyeBrook\SCAN_SCAN_LyeBrook_sm_0.203200_0.203200_Hydraprobe-Analog-(2.5-Volt)-B_19540106_20210628.stm
INFO 2023-04-11 16:33:15 Processed file SCAN\LyeBrook\SCAN_SCAN_LyeBrook_sm_0.203200_0.203200_Hydraprobe-Analog-(2.5-Volt)_19540106_20210628.stm
INFO 2023-04-11 16:33:15 Processed file SCAN\LyeBrook\SCAN_SCAN_LyeBrook_sm_0.203200_0.203200_Hydraprobe-Digital-Sdi-12-(2.5-Volt)-A_19540106_20210628.stm
INFO 2023-04-11 16:33:15 Processed file SCAN\LyeBrook\SCAN_SCAN_LyeBrook_sm_0.203200_0.203200_Hydraprobe-Digital-Sdi-12-(2.5-Volt)-B_19540106_20210628.stm
INFO 2023-04-11 16:33:15 Processed file SCAN\LyeBrook\SCAN_SCAN_LyeBrook_sm_0.508000_0.508000_Hydraprobe-Analog-(2.5-Volt)-A_19540106_20210628.stm
INFO 2023-04-11 16:33:15 Processed file SCAN\LyeBrook\SCAN_SCAN_LyeBrook_sm_0.508000_0.508000_Hydraprobe-Analog-(2.5-Volt)-B_19540106_20210628.stm
INFO 2023-04-11 16:33:15 Processed file SCAN\LyeBrook\SCAN_SCAN_LyeBrook_sm_0.508000_0.508000_Hydraprobe-Analog-(2.5-Volt)_19540106_20210628.stm
INFO 2023-04-11 16:33:15 Processed file SCAN\LyeBrook\SCAN_SCAN_LyeBrook_sm_0.508000_0.508000_Hydraprobe-Digital-Sdi-12-(2.5-Volt)-A_19540106_20210628.stm
INFO 2023-04-11 16:33:15 Processed file SCAN\LyeBrook\SCAN_SCAN_LyeBrook_sm_0.508000_0.508000_Hydraprobe-Digital-Sdi-12-(2.5-Volt)-B_19540106_20210628.stm
INFO 2023-04-11 16:33:15 Processed file SCAN\LyeBrook\SCAN_SCAN_LyeBrook_sm_1.016000_1.016000_Hydraprobe-Analog-(2.5-Volt)-A_19540106_20210628.stm
INFO 2023-04-11 16:33:15 Processed file SCAN\LyeBrook\SCAN_SCAN_LyeBrook_sm_1.016000_1.016000_Hydraprobe-Analog-(2.5-Volt)-B_19540106_20210628.stm
INFO 2023-04-11 16:33:15 Processed file SCAN\LyeBrook\SCAN_SCAN_LyeBrook_sm_1.016000_1.016000_Hydraprobe-Analog-(2.5-Volt)_19540106_20210628.stm
INFO 2023-04-11 16:33:15 Processed file SCAN\LyeBrook\SCAN_SCAN_LyeBrook_sm_1.016000_1.016000_Hydraprobe-Digital-Sdi-12-(2.5-Volt)-A_19540106_20210628.stm
INFO 2023-04-11 16:33:15 Processed file SCAN\LyeBrook\SCAN_SCAN_LyeBrook_sm_1.016000_1.016000_Hydraprobe-Digital-Sdi-12-(2.5-Volt)-B_19540106_20210628.stm
INFO 2023-04-11 16:33:15 Metadata generation finished after 0 Seconds.
Metadata and Log stored in C:\Users\david\Documents\@@ Python\Jaar 5\Q3\ENVM1502\Git\ENVM1502-Catchment-model\Data\Soilmoisture\python_metadata
